<?xml version="1.0" encoding="UTF-8"?>
<!-- Generated by org.testng.reporters.JUnitReportReporter -->
<testsuite name="com.OrangeHRM.LoginPage" tests="1" time="28.689" ignored="0" failures="0" timestamp="02 Feb 2021 04:21:45 GMT" skipped="0" hostname="HIBACL131408" errors="0">
  <testcase name="LoginwithValidCredentials" time="28.689" classname="com.OrangeHRM.LoginPage"/>
</testsuite> <!-- com.OrangeHRM.LoginPage -->
