<?xml version="1.0" encoding="UTF-8"?>
<!-- Generated by org.testng.reporters.JUnitReportReporter -->
<testsuite name="com.OrangeHRM.OrangeHRM_TestNG" tests="1" time="25.702" ignored="0" failures="0" timestamp="02 Feb 2021 04:21:45 GMT" skipped="0" hostname="HIBACL131408" errors="0">
  <testcase name="Login" time="25.702" classname="com.OrangeHRM.OrangeHRM_TestNG"/>
</testsuite> <!-- com.OrangeHRM.OrangeHRM_TestNG -->
