<?xml version="1.0" encoding="UTF-8"?>
<!-- Generated by org.testng.reporters.JUnitReportReporter -->
<testsuite name="com.OrangeHRM.LoginPage" tests="1" time="15.201" ignored="0" failures="0" timestamp="28 Dec 2020 14:49:08 GMT" skipped="0" hostname="HIBACL131408" errors="0">
  <testcase name="LoginwithValidCredentials" time="15.201" classname="com.OrangeHRM.LoginPage"/>
</testsuite> <!-- com.OrangeHRM.LoginPage -->
